#-----------------------------------------------------------
# Vivado v2024.2 (64-bit)
# SW Build 5239630 on Fri Nov 08 22:35:27 MST 2024
# IP Build 5239520 on Sun Nov 10 16:12:51 MST 2024
# SharedData Build 5239561 on Fri Nov 08 14:39:27 MST 2024
# Start of session at: Wed Mar 26 19:36:33 2025
# Process ID         : 14688
# Current directory  : C:/Users/KUSH P MAKWANA/Syllabus Tracker
# Command line       : vivado.exe -mode tcl
# Log file           : C:/Users/KUSH P MAKWANA/Syllabus Tracker/vivado.log
# Journal file       : C:/Users/KUSH P MAKWANA/Syllabus Tracker\vivado.jou
# Running On         : KUSH
# Platform           : Windows Server 2016 or Windows 10
# Operating System   : 26100
# Processor Detail   : AMD Ryzen 5 4600H with Radeon Graphics         
# CPU Frequency      : 2994 MHz
# CPU Physical cores : 6
# CPU Logical cores  : 12
# Host memory        : 7966 MB
# Swap memory        : 11274 MB
# Total Virtual      : 19241 MB
# Available Virtual  : 1243 MB
#-----------------------------------------------------------
open_project "C:/Users/KUSH P MAKWANA/prewitt/prewitt.xpr"
INFO: [filemgmt 56-3] Default IP Output Path : Could not find the directory 'C:/Users/KUSH P MAKWANA/prewitt/prewitt.gen/sources_1'.
Scanning sources...
Finished scanning sources
launch_simulation
Command: launch_simulation 
INFO: [Vivado 12-12493] Simulation top is 'prewitt_test'
boost::filesystem::remove: The process cannot access the file because it is being used by another process: "C:/Users/KUSH P MAKWANA/prewitt/prewitt.sim/sim_1/behav/xsim/simulate.log"
INFO: [Common 17-206] Exiting Vivado at Wed Mar 26 19:36:37 2025...
